<?xml version="1.0" encoding="UTF-8"?>
<testsuites name="jest tests" tests="2" failures="1" time="4.729">
  <testsuite name="../../../test/messaging/__tests__/integration/amqp-messaging.test.js" errors="0" failures="1" skipped="0" timestamp="2021-01-28T10:31:03" time="4.688" tests="2">
    <testcase classname="enterprise-messaging-EM successful connect emit and registration" name="enterprise-messaging-EM successful connect emit and registration" time="3.387">
    </testcase>
    <testcase classname="message-queuing-MQ successful connect emit and registration" name="message-queuing-MQ successful connect emit and registration" time="0.007">
      <failure>TypeError: this.getClient is not a function
    at MessageQueuing.init (/Users/d065023/code/cds-runtime/lib/messaging/AMQPMessaging.js:48:24)
    at _test (/Users/d065023/code/cds-runtime/test/messaging/__tests__/integration/amqp-messaging.test.js:17:16)
    at Object.&lt;anonymous&gt; (/Users/d065023/code/cds-runtime/test/messaging/__tests__/integration/amqp-messaging.test.js:93:11)
    at /Users/d065023/code/cds-runtime/node_modules/jest-jasmine2/build/queueRunner.js:45:12
    at new Promise (&lt;anonymous&gt;)
    at mapper (/Users/d065023/code/cds-runtime/node_modules/jest-jasmine2/build/queueRunner.js:28:19)
    at /Users/d065023/code/cds-runtime/node_modules/jest-jasmine2/build/queueRunner.js:75:41</failure>
    </testcase>
  </testsuite>
</testsuites>